<?xml version="1.0" encoding="UTF-8"?>
<testsuite xmlns:xsi="http://www.w3.org/2001/XMLSchema-instance" xsi:noNamespaceSchemaLocation="https://maven.apache.org/surefire/maven-surefire-plugin/xsd/surefire-test-report.xsd" name="com.example.demo.DemoApplicationTests" time="2.986" tests="1" errors="0" skipped="0" failures="0">
  <properties>
    <property name="sun.desktop" value="windows"/>
    <property name="awt.toolkit" value="sun.awt.windows.WToolkit"/>
    <property name="file.encoding.pkg" value="sun.io"/>
    <property name="java.specification.version" value="1.8"/>
    <property name="sun.cpu.isalist" value="amd64"/>
    <property name="sun.jnu.encoding" value="GBK"/>
    <property name="java.class.path" value="D:\IdeaProjects\Test\demo\target\test-classes;D:\IdeaProjects\Test\demo\target\classes;D:\maven\repo\org\springframework\boot\spring-boot-starter\2.4.5\spring-boot-starter-2.4.5.jar;D:\maven\repo\org\springframework\boot\spring-boot\2.4.5\spring-boot-2.4.5.jar;D:\maven\repo\org\springframework\spring-context\5.3.6\spring-context-5.3.6.jar;D:\maven\repo\org\springframework\spring-aop\5.3.6\spring-aop-5.3.6.jar;D:\maven\repo\org\springframework\spring-beans\5.3.6\spring-beans-5.3.6.jar;D:\maven\repo\org\springframework\spring-expression\5.3.6\spring-expression-5.3.6.jar;D:\maven\repo\org\springframework\boot\spring-boot-autoconfigure\2.4.5\spring-boot-autoconfigure-2.4.5.jar;D:\maven\repo\org\springframework\boot\spring-boot-starter-logging\2.4.5\spring-boot-starter-logging-2.4.5.jar;D:\maven\repo\ch\qos\logback\logback-classic\1.2.3\logback-classic-1.2.3.jar;D:\maven\repo\ch\qos\logback\logback-core\1.2.3\logback-core-1.2.3.jar;D:\maven\repo\org\apache\logging\log4j\log4j-to-slf4j\2.13.3\log4j-to-slf4j-2.13.3.jar;D:\maven\repo\org\apache\logging\log4j\log4j-api\2.13.3\log4j-api-2.13.3.jar;D:\maven\repo\org\slf4j\jul-to-slf4j\1.7.30\jul-to-slf4j-1.7.30.jar;D:\maven\repo\jakarta\annotation\jakarta.annotation-api\1.3.5\jakarta.annotation-api-1.3.5.jar;D:\maven\repo\org\springframework\spring-core\5.3.6\spring-core-5.3.6.jar;D:\maven\repo\org\springframework\spring-jcl\5.3.6\spring-jcl-5.3.6.jar;D:\maven\repo\org\yaml\snakeyaml\1.27\snakeyaml-1.27.jar;D:\maven\repo\org\springframework\boot\spring-boot-devtools\2.4.5\spring-boot-devtools-2.4.5.jar;D:\maven\repo\org\projectlombok\lombok\1.18.20\lombok-1.18.20.jar;D:\maven\repo\org\springframework\boot\spring-boot-starter-test\2.4.5\spring-boot-starter-test-2.4.5.jar;D:\maven\repo\org\springframework\boot\spring-boot-test\2.4.5\spring-boot-test-2.4.5.jar;D:\maven\repo\org\springframework\boot\spring-boot-test-autoconfigure\2.4.5\spring-boot-test-autoconfigure-2.4.5.jar;D:\maven\repo\com\jayway\jsonpath\json-path\2.4.0\json-path-2.4.0.jar;D:\maven\repo\net\minidev\json-smart\2.3\json-smart-2.3.jar;D:\maven\repo\net\minidev\accessors-smart\1.2\accessors-smart-1.2.jar;D:\maven\repo\org\ow2\asm\asm\5.0.4\asm-5.0.4.jar;D:\maven\repo\org\slf4j\slf4j-api\1.7.30\slf4j-api-1.7.30.jar;D:\maven\repo\jakarta\xml\bind\jakarta.xml.bind-api\2.3.3\jakarta.xml.bind-api-2.3.3.jar;D:\maven\repo\jakarta\activation\jakarta.activation-api\1.2.2\jakarta.activation-api-1.2.2.jar;D:\maven\repo\org\assertj\assertj-core\3.18.1\assertj-core-3.18.1.jar;D:\maven\repo\org\hamcrest\hamcrest\2.2\hamcrest-2.2.jar;D:\maven\repo\org\junit\jupiter\junit-jupiter\5.7.1\junit-jupiter-5.7.1.jar;D:\maven\repo\org\junit\jupiter\junit-jupiter-api\5.7.1\junit-jupiter-api-5.7.1.jar;D:\maven\repo\org\apiguardian\apiguardian-api\1.1.0\apiguardian-api-1.1.0.jar;D:\maven\repo\org\opentest4j\opentest4j\1.2.0\opentest4j-1.2.0.jar;D:\maven\repo\org\junit\platform\junit-platform-commons\1.7.1\junit-platform-commons-1.7.1.jar;D:\maven\repo\org\junit\jupiter\junit-jupiter-params\5.7.1\junit-jupiter-params-5.7.1.jar;D:\maven\repo\org\junit\jupiter\junit-jupiter-engine\5.7.1\junit-jupiter-engine-5.7.1.jar;D:\maven\repo\org\junit\platform\junit-platform-engine\1.7.1\junit-platform-engine-1.7.1.jar;D:\maven\repo\org\mockito\mockito-core\3.6.28\mockito-core-3.6.28.jar;D:\maven\repo\net\bytebuddy\byte-buddy\1.10.22\byte-buddy-1.10.22.jar;D:\maven\repo\net\bytebuddy\byte-buddy-agent\1.10.22\byte-buddy-agent-1.10.22.jar;D:\maven\repo\org\objenesis\objenesis\3.1\objenesis-3.1.jar;D:\maven\repo\org\mockito\mockito-junit-jupiter\3.6.28\mockito-junit-jupiter-3.6.28.jar;D:\maven\repo\org\skyscreamer\jsonassert\1.5.0\jsonassert-1.5.0.jar;D:\maven\repo\com\vaadin\external\google\android-json\0.0.20131108.vaadin1\android-json-0.0.20131108.vaadin1.jar;D:\maven\repo\org\springframework\spring-test\5.3.6\spring-test-5.3.6.jar;D:\maven\repo\org\xmlunit\xmlunit-core\2.7.0\xmlunit-core-2.7.0.jar;"/>
    <property name="java.vm.vendor" value="Oracle Corporation"/>
    <property name="sun.arch.data.model" value="64"/>
    <property name="user.variant" value=""/>
    <property name="java.vendor.url" value="http://java.oracle.com/"/>
    <property name="user.timezone" value="Asia/Shanghai"/>
    <property name="java.vm.specification.version" value="1.8"/>
    <property name="os.name" value="Windows 7"/>
    <property name="user.country" value="CN"/>
    <property name="sun.java.launcher" value="SUN_STANDARD"/>
    <property name="sun.boot.library.path" value="C:\Program Files\Java\jdk1.8.0_172\jre\bin"/>
    <property name="sun.java.command" value="C:\Users\ADMINI~1\AppData\Local\Temp\surefire6472092642192555145\surefirebooter4240748740640234966.jar C:\Users\Administrator\AppData\Local\Temp\surefire6472092642192555145 2021-05-13T21-44-50_037-jvmRun1 surefire7221592500341852400tmp surefire_01879114457938330964tmp"/>
    <property name="surefire.test.class.path" value="D:\IdeaProjects\Test\demo\target\test-classes;D:\IdeaProjects\Test\demo\target\classes;D:\maven\repo\org\springframework\boot\spring-boot-starter\2.4.5\spring-boot-starter-2.4.5.jar;D:\maven\repo\org\springframework\boot\spring-boot\2.4.5\spring-boot-2.4.5.jar;D:\maven\repo\org\springframework\spring-context\5.3.6\spring-context-5.3.6.jar;D:\maven\repo\org\springframework\spring-aop\5.3.6\spring-aop-5.3.6.jar;D:\maven\repo\org\springframework\spring-beans\5.3.6\spring-beans-5.3.6.jar;D:\maven\repo\org\springframework\spring-expression\5.3.6\spring-expression-5.3.6.jar;D:\maven\repo\org\springframework\boot\spring-boot-autoconfigure\2.4.5\spring-boot-autoconfigure-2.4.5.jar;D:\maven\repo\org\springframework\boot\spring-boot-starter-logging\2.4.5\spring-boot-starter-logging-2.4.5.jar;D:\maven\repo\ch\qos\logback\logback-classic\1.2.3\logback-classic-1.2.3.jar;D:\maven\repo\ch\qos\logback\logback-core\1.2.3\logback-core-1.2.3.jar;D:\maven\repo\org\apache\logging\log4j\log4j-to-slf4j\2.13.3\log4j-to-slf4j-2.13.3.jar;D:\maven\repo\org\apache\logging\log4j\log4j-api\2.13.3\log4j-api-2.13.3.jar;D:\maven\repo\org\slf4j\jul-to-slf4j\1.7.30\jul-to-slf4j-1.7.30.jar;D:\maven\repo\jakarta\annotation\jakarta.annotation-api\1.3.5\jakarta.annotation-api-1.3.5.jar;D:\maven\repo\org\springframework\spring-core\5.3.6\spring-core-5.3.6.jar;D:\maven\repo\org\springframework\spring-jcl\5.3.6\spring-jcl-5.3.6.jar;D:\maven\repo\org\yaml\snakeyaml\1.27\snakeyaml-1.27.jar;D:\maven\repo\org\springframework\boot\spring-boot-devtools\2.4.5\spring-boot-devtools-2.4.5.jar;D:\maven\repo\org\projectlombok\lombok\1.18.20\lombok-1.18.20.jar;D:\maven\repo\org\springframework\boot\spring-boot-starter-test\2.4.5\spring-boot-starter-test-2.4.5.jar;D:\maven\repo\org\springframework\boot\spring-boot-test\2.4.5\spring-boot-test-2.4.5.jar;D:\maven\repo\org\springframework\boot\spring-boot-test-autoconfigure\2.4.5\spring-boot-test-autoconfigure-2.4.5.jar;D:\maven\repo\com\jayway\jsonpath\json-path\2.4.0\json-path-2.4.0.jar;D:\maven\repo\net\minidev\json-smart\2.3\json-smart-2.3.jar;D:\maven\repo\net\minidev\accessors-smart\1.2\accessors-smart-1.2.jar;D:\maven\repo\org\ow2\asm\asm\5.0.4\asm-5.0.4.jar;D:\maven\repo\org\slf4j\slf4j-api\1.7.30\slf4j-api-1.7.30.jar;D:\maven\repo\jakarta\xml\bind\jakarta.xml.bind-api\2.3.3\jakarta.xml.bind-api-2.3.3.jar;D:\maven\repo\jakarta\activation\jakarta.activation-api\1.2.2\jakarta.activation-api-1.2.2.jar;D:\maven\repo\org\assertj\assertj-core\3.18.1\assertj-core-3.18.1.jar;D:\maven\repo\org\hamcrest\hamcrest\2.2\hamcrest-2.2.jar;D:\maven\repo\org\junit\jupiter\junit-jupiter\5.7.1\junit-jupiter-5.7.1.jar;D:\maven\repo\org\junit\jupiter\junit-jupiter-api\5.7.1\junit-jupiter-api-5.7.1.jar;D:\maven\repo\org\apiguardian\apiguardian-api\1.1.0\apiguardian-api-1.1.0.jar;D:\maven\repo\org\opentest4j\opentest4j\1.2.0\opentest4j-1.2.0.jar;D:\maven\repo\org\junit\platform\junit-platform-commons\1.7.1\junit-platform-commons-1.7.1.jar;D:\maven\repo\org\junit\jupiter\junit-jupiter-params\5.7.1\junit-jupiter-params-5.7.1.jar;D:\maven\repo\org\junit\jupiter\junit-jupiter-engine\5.7.1\junit-jupiter-engine-5.7.1.jar;D:\maven\repo\org\junit\platform\junit-platform-engine\1.7.1\junit-platform-engine-1.7.1.jar;D:\maven\repo\org\mockito\mockito-core\3.6.28\mockito-core-3.6.28.jar;D:\maven\repo\net\bytebuddy\byte-buddy\1.10.22\byte-buddy-1.10.22.jar;D:\maven\repo\net\bytebuddy\byte-buddy-agent\1.10.22\byte-buddy-agent-1.10.22.jar;D:\maven\repo\org\objenesis\objenesis\3.1\objenesis-3.1.jar;D:\maven\repo\org\mockito\mockito-junit-jupiter\3.6.28\mockito-junit-jupiter-3.6.28.jar;D:\maven\repo\org\skyscreamer\jsonassert\1.5.0\jsonassert-1.5.0.jar;D:\maven\repo\com\vaadin\external\google\android-json\0.0.20131108.vaadin1\android-json-0.0.20131108.vaadin1.jar;D:\maven\repo\org\springframework\spring-test\5.3.6\spring-test-5.3.6.jar;D:\maven\repo\org\xmlunit\xmlunit-core\2.7.0\xmlunit-core-2.7.0.jar;"/>
    <property name="sun.cpu.endian" value="little"/>
    <property name="user.home" value="C:\Users\Administrator"/>
    <property name="user.language" value="zh"/>
    <property name="java.specification.vendor" value="Oracle Corporation"/>
    <property name="java.home" value="C:\Program Files\Java\jdk1.8.0_172\jre"/>
    <property name="basedir" value="D:\IdeaProjects\Test\demo"/>
    <property name="file.separator" value="\"/>
    <property name="line.separator" value="&#10;"/>
    <property name="java.vm.specification.vendor" value="Oracle Corporation"/>
    <property name="java.specification.name" value="Java Platform API Specification"/>
    <property name="java.awt.graphicsenv" value="sun.awt.Win32GraphicsEnvironment"/>
    <property name="surefire.real.class.path" value="C:\Users\ADMINI~1\AppData\Local\Temp\surefire6472092642192555145\surefirebooter4240748740640234966.jar"/>
    <property name="sun.boot.class.path" value="C:\Program Files\Java\jdk1.8.0_172\jre\lib\resources.jar;C:\Program Files\Java\jdk1.8.0_172\jre\lib\rt.jar;C:\Program Files\Java\jdk1.8.0_172\jre\lib\sunrsasign.jar;C:\Program Files\Java\jdk1.8.0_172\jre\lib\jsse.jar;C:\Program Files\Java\jdk1.8.0_172\jre\lib\jce.jar;C:\Program Files\Java\jdk1.8.0_172\jre\lib\charsets.jar;C:\Program Files\Java\jdk1.8.0_172\jre\lib\jfr.jar;C:\Program Files\Java\jdk1.8.0_172\jre\classes"/>
    <property name="user.script" value=""/>
    <property name="sun.management.compiler" value="HotSpot 64-Bit Tiered Compilers"/>
    <property name="java.runtime.version" value="1.8.0_172-b11"/>
    <property name="user.name" value="Administrator"/>
    <property name="path.separator" value=";"/>
    <property name="os.version" value="6.1"/>
    <property name="java.endorsed.dirs" value="C:\Program Files\Java\jdk1.8.0_172\jre\lib\endorsed"/>
    <property name="java.runtime.name" value="Java(TM) SE Runtime Environment"/>
    <property name="file.encoding" value="GBK"/>
    <property name="java.vm.name" value="Java HotSpot(TM) 64-Bit Server VM"/>
    <property name="localRepository" value="D:\maven\repo"/>
    <property name="java.vendor.url.bug" value="http://bugreport.sun.com/bugreport/"/>
    <property name="java.io.tmpdir" value="C:\Users\ADMINI~1\AppData\Local\Temp\"/>
    <property name="idea.version" value="2020.3.4"/>
    <property name="java.version" value="1.8.0_172"/>
    <property name="user.dir" value="D:\IdeaProjects\Test\demo"/>
    <property name="os.arch" value="amd64"/>
    <property name="java.vm.specification.name" value="Java Virtual Machine Specification"/>
    <property name="java.awt.printerjob" value="sun.awt.windows.WPrinterJob"/>
    <property name="sun.os.patch.level" value="Service Pack 1"/>
    <property name="java.library.path" value="C:\Program Files\Java\jdk1.8.0_172\jre\bin;C:\Windows\Sun\Java\bin;C:\Windows\system32;C:\Windows;C:\Windows\system32;C:\Windows;C:\Windows\System32\Wbem;C:\Windows\System32\WindowsPowerShell\v1.0\;C:\Program Files\Java\jdk1.8.0_172\bin;D:\mysql-5.6.37-winx64\bin;D:\apache-maven-3.6.1\bin;C:\Program Files\Git\cmd;."/>
    <property name="java.vm.info" value="mixed mode"/>
    <property name="java.vendor" value="Oracle Corporation"/>
    <property name="java.vm.version" value="25.172-b11"/>
    <property name="java.ext.dirs" value="C:\Program Files\Java\jdk1.8.0_172\jre\lib\ext;C:\Windows\Sun\Java\lib\ext"/>
    <property name="sun.io.unicode.encoding" value="UnicodeLittle"/>
    <property name="java.class.version" value="52.0"/>
  </properties>
  <testcase name="contextLoads" classname="com.example.demo.DemoApplicationTests" time="0.502"/>
</testsuite>